1510363294642	geckodriver	INFO	geckodriver 0.19.1
1510363294705	geckodriver	INFO	Listening on 127.0.0.1:7001
1510363296908	mozrunner::runner	INFO	Running command: "D:\\Firefox\\firefox.exe" "-marionette" "-profile" "C:\\Users\\ADMINI~1\\AppData\\Local\\Temp\\rust_mozprofile.Ia7AYEwA8nMH"
1510363298182	addons.xpi	WARN	Error parsing extensions state: [Exception... "Component returned failure code: 0x80520012 (NS_ERROR_FILE_NOT_FOUND) [amIAddonManagerStartup.readStartupData]"  nsresult: "0x80520012 (NS_ERROR_FILE_NOT_FOUND)"  location: "JS frame :: resource://gre/modules/addons/XPIProvider.jsm :: loadExtensionState :: line 1554"  data: no] Stack trace: loadExtensionState()@resource://gre/modules/addons/XPIProvider.jsm:1554 < getInstallState()@resource://gre/modules/addons/XPIProvider.jsm:1589 < checkForChanges()@resource://gre/modules/addons/XPIProvider.jsm:3109 < startup()@resource://gre/modules/addons/XPIProvider.jsm:2188 < callProvider()@resource://gre/modules/AddonManager.jsm:269 < _startProvider()@resource://gre/modules/AddonManager.jsm:739 < startup()@resource://gre/modules/AddonManager.jsm:906 < startup()@resource://gre/modules/AddonManager.jsm:3090 < observe()@jar:file:///D:/Firefox/omni.ja!/components/addonManager.js:65
[GFX1]: Potential driver version mismatch ignored due to missing DLLs igd10umd64 v= and igd10iumd64 v=
1510363300012	Marionette	INFO	Enabled via --marionette
[GFX1]: Potential driver version mismatch ignored due to missing DLLs igd10umd64 v= and igd10iumd64 v=
[GFX1]: Potential driver version mismatch ignored due to missing DLLs igd10umd64 v= and igd10iumd64 v=
Unable to read VR Path Registry from C:\Users\Administrator\AppData\Local\openvr\openvrpaths.vrpath
[Parent 5344] WARNING: pipe error: 109: file z:/build/build/src/ipc/chromium/src/chrome/common/ipc_channel_win.cc, line 346
Unable to read VR Path Registry from C:\Users\Administrator\AppData\Local\openvr\openvrpaths.vrpath
[Child 7744] WARNING: pipe error: 109: file z:/build/build/src/ipc/chromium/src/chrome/common/ipc_channel_win.cc, line 346
[Child 7744] WARNING: pipe error: 109: file z:/build/build/src/ipc/chromium/src/chrome/common/ipc_channel_win.cc, line 346
[GFX1]: Potential driver version mismatch ignored due to missing DLLs igd10umd64 v= and igd10iumd64 v=
1510363307006	Marionette	INFO	Listening on port 7007
1510363307363	Marionette	WARN	TLS certificate errors will be ignored for this session
1510363307577	Marionette	DEBUG	Register listener.js for window 4294967297
1510363307796	Marionette	DEBUG	Received DOM event "beforeunload" for "about:blank"
1510363310104	Marionette	DEBUG	Received DOM event "pagehide" for "about:blank"
1510363310105	Marionette	DEBUG	Received DOM event "unload" for "about:blank"
Unable to read VR Path Registry from C:\Users\Administrator\AppData\Local\openvr\openvrpaths.vrpath
JavaScript error: https://ss1.bdstatic.com/5eN1bjq8AAUYm2zgoY3K/r/www/cache/static/protocol/https/plugins/every_cookie_4644b13.js, line 4: ReferenceError: c is not defined
1510363311081	Marionette	DEBUG	Received DOM event "DOMContentLoaded" for "https://www.baidu.com/"
1510363311288	Marionette	DEBUG	Received DOM event "pageshow" for "https://www.baidu.com/"
[Parent 5344] WARNING: pipe error: 109: file z:/build/build/src/ipc/chromium/src/chrome/common/ipc_channel_win.cc, line 346
Unable to read VR Path Registry from C:\Users\Administrator\AppData\Local\openvr\openvrpaths.vrpath
[Child 7504] WARNING: pipe error: 109: file z:/build/build/src/ipc/chromium/src/chrome/common/ipc_channel_win.cc, line 346
*** UTM:SVC TimerManager:registerTimer called after profile-before-change notification. Ignoring timer registration for id: telemetry_modules_ping

###!!! [Child][MessageChannel::SendAndWait] Error: Channel error: cannot send/recv

rovider.jsm :: loadExtensionState :: line 1554"  data: no] Stack trace: loadExtensionState()@resource://gre/modules/addons/XPIProvider.jsm:1554 < getInstallState()@resource://gre/modules/addons/XPIProvider.jsm:1589 < checkForChanges()@resource://gre/modules/addons/XPIProvider.jsm:3109 < startup()@resource://gre/modules/addons/XPIProvider.jsm:2188 < callProvider()@resource://gre/modules/AddonManager.jsm:269 < _startProvider()@resource://gre/modules/AddonManager.jsm:739 < startup()@resource://gre/modules/AddonManager.jsm:906 < startup()@resource://gre/modules/AddonManager.jsm:3090 < observe()@jar:file:///D:/Firefox/omni.ja!/components/addonManager.js:65
[GFX1]: Potential driver version mismatch ignored due to missing DLLs igd10umd64 v= and igd10iumd64 v=
1510363345672	Marionette	INFO	Enabled via --marionette
[GFX1]: Potential driver version mismatch ignored due to missing DLLs igd10umd64 v= and igd10iumd64 v=
[GFX1]: Potential driver version mismatch ignored due to missing DLLs igd10umd64 v= and igd10iumd64 v=
[GFX1]: Potential driver version mismatch ignored due to missing DLLs igd10umd64 v= and igd10iumd64 v=
1510363354393	Marionette	INFO	Listening on port 7071
1510363355145	Marionette	WARN	TLS certificate errors will be ignored for this session
1510363355407	Marionette	DEBUG	Register listener.js for window 4294967297
1510363355541	Marionette	DEBUG	Received DOM event "beforeunload" for "about:blank"
1510363356327	Marionette	DEBUG	Received DOM event "pagehide" for "about:blank"
1510363356328	Marionette	DEBUG	Received DOM event "unload" for "about:blank"
Unable to read VR Path Registry from C:\Users\Administrator\AppData\Local\openvr\openvrpaths.vrpath
JavaScript error: https://ss1.bdstatic.com/5eN1bjq8AAUYm2zgoY3K/r/www/cache/static/protocol/https/plugins/every_cookie_4644b13.js, line 4: ReferenceError: c is not defined
1510363357449	Marionette	DEBUG	Received DOM event "DOMContentLoaded" for "https://www.baidu.com/"
1510363357668	Marionette	DEBUG	Received DOM event "pageshow" for "https://www.baidu.com/"
1510363359129	Marionette	INFO	New connections will no longer be accepted
Unable to read VR Path Registry from C:\Users\Administrator\AppData\Local\openvr\openvrpaths.vrpath
[Parent 8240] WARNING: pipe error: 109: file z:/build/build/src/ipc/chromium/src/chrome/common/ipc_channel_win.cc, line 346
Unable to read VR Path Registry from C:\Users\Administrator\AppData\Local\openvr\openvrpaths.vrpath
[Child 9272] WARNING: pipe error: 109: file z:/build/build/src/ipc/chromium/src/chrome/common/ipc_channel_win.cc, line 346
[Child 9272] WARNING: pipe error: 109: file z:/build/build/src/ipc/chromium/src/chrome/common/ipc_channel_win.cc, line 346
JavaScript error: https://sp0.baidu.com/5a1Fazu8AA54nxGko9WTAnF6hhy/su?wd=s&json=1&p=3&sid=1465_19037_21109_24879_20930&req=2&csor=1&cb=jQuery110203719076084959302_1510363357041&_=1510363357043, line 1: TypeError: jQuery110203719076084959302_1510363357041 is not a function
JavaScript error: https://sp0.baidu.com/5a1Fazu8AA54nxGko9WTAnF6hhy/su?wd=se&json=1&p=3&sid=1465_19037_21109_24879_20930&req=2&csor=2&pwd=s&cb=jQuery110203719076084959302_1510363357041&_=1510363357044, line 1: TypeError: jQuery110203719076084959302_1510363357041 is not a function
JavaScript error: https://sp0.baidu.com/5a1Fazu8AA54nxGko9WTAnF6hhy/su?wd=sel&json=1&p=3&sid=1465_19037_21109_24879_20930&req=2&csor=3&pwd=se&cb=jQuery110203719076084959302_1510363357041&_=1510363357045, line 1: TypeError: jQuery110203719076084959302_1510363357041 is not a function
JavaScript error: https://sp0.baidu.com/5a1Fazu8AA54nxGko9WTAnF6hhy/su?wd=sele&json=1&p=3&sid=1465_19037_21109_24879_20930&req=2&csor=4&pwd=sel&cb=jQuery110203719076084959302_1510363357041&_=1510363357046, line 1: TypeError: jQuery110203719076084959302_1510363357041 is not a function
JavaScript error: https://sp0.baidu.com/5a1Fazu8AA54nxGko9WTAnF6hhy/su?wd=selen&json=1&p=3&sid=1465_19037_21109_24879_20930&req=2&csor=5&pwd=sele&cb=jQuery110203719076084959302_1510363357041&_=1510363357047, line 1: TypeError: jQuery110203719076084959302_1510363357041 is not a function
JavaScript error: https://sp0.baidu.com/5a1Fazu8AA54nxGko9WTAnF6hhy/su?wd=seleni&json=1&p=3&sid=1465_19037_21109_24879_20930&req=2&csor=6&pwd=selen&cb=jQuery110203719076084959302_1510363357041&_=1510363357048, line 1: TypeError: jQuery110203719076084959302_1510363357041 is not a function
JavaScript error: https://sp0.baidu.com/5a1Fazu8AA54nxGko9WTAnF6hhy/su?wd=seleniu&json=1&p=3&sid=1465_19037_21109_24879_20930&req=2&csor=7&pwd=seleni&cb=jQuery110203719076084959302_1510363357041&_=1510363357049, line 1: TypeError: jQuery110203719076084959302_1510363357041 is not a function
JavaScript error: https://sp0.baidu.com/5a1Fazu8AA54nxGko9WTAnF6hhy/su?wd=selenium&json=1&p=3&sid=1465_19037_21109_24879_20930&req=2&csor=8&pwd=seleniu&cb=jQuery110203719076084959302_1510363357041&_=1510363357050, line 1: TypeError: jQuery110203719076084959302_1510363357041 is not a function
JavaScript error: https://sp0.baidu.com/5a1Fazu8AA54nxGko9WTAnF6hhy/su?wd=seleniumh&json=1&p=3&sid=1465_19037_21109_24879_20930&req=2&csor=9&pwd=selenium&cb=jQuery110203719076084959302_1510363357041&_=1510363357051, line 1: TypeError: jQuery110203719076084959302_1510363357041 is not a function
[Child 8180] WARNING: pipe error: 232: file z:/build/build/src/ipc/chromium/src/chrome/common/ipc_channel_win.cc, line 513
1510363365203	geckodriver	INFO	geckodriver 0.19.1
1510363365234	geckodriver	INFO	Listening on 127.0.0.1:7138
1510363367437	mozrunner::runner	INFO	Running command: "D:\\Firefox\\firefox.exe" "-marionette" "-profile" "C:\\Users\\ADMINI~1\\AppData\\Local\\Temp\\rust_mozprofile.rg3ADHgEl4O0"
1510363368674	addons.xpi	WARN	Error parsing extensions state: [Exception... "Component returned failure code: 0x80520012 (NS_ERROR_FILE_NOT_FOUND) [amIAddonManagerStartup.readStartupData]"  nsresult: "0x80520012 (NS_ERROR_FILE_NOT_FOUND)"  location: "JS frame :: resource://gre/modules/addons/XPIProvider.jsm :: loadExtensionState :: line 1554"  data: no] Stack trace: loadExtensionState()@resource://gre/modules/addons/XPIProvider.jsm:1554 < getInstallState()@resource://gre/modules/addons/XPIProvider.jsm:1589 < checkForChanges()@resource://gre/modules/addons/XPIProvider.jsm:3109 < startup()@resource://gre/modules/addons/XPIProvider.jsm:2188 < callProvider()@resource://gre/modules/AddonManager.jsm:269 < _startProvider()@resource://gre/modules/AddonManager.jsm:739 < startup()@resource://gre/modules/AddonManager.jsm:906 < startup()@resource://gre/modules/AddonManager.jsm:3090 < observe()@jar:file:///D:/Firefox/omni.ja!/components/addonManager.js:65
[GFX1]: Potential driver version mismatch ignored due to missing DLLs igd10umd64 v= and igd10iumd64 v=
1510363370154	Marionette	INFO	Enabled via --marionette
[GFX1]: Potential driver version mismatch ignored due to missing DLLs igd10umd64 v= and igd10iumd64 v=
Unable to read VR Path Registry from C:\Users\Administrator\AppData\Local\openvr\openvrpaths.vrpath
[Parent 9788] WARNING: pipe error: 109: file z:/build/build/src/ipc/chromium/src/chrome/common/ipc_channel_win.cc, line 346
Unable to read VR Path Registry from C:\Users\Administrator\AppData\Local\openvr\openvrpaths.vrpath
[Child 10052] WARNING: pipe error: 109: file z:/build/build/src/ipc/chromium/src/chrome/common/ipc_channel_win.cc, line 346
[Child 10052] WARNING: pipe error: 109: file z:/build/build/src/ipc/chromium/src/chrome/common/ipc_channel_win.cc, line 346
[GFX1]: Potential driver version mismatch ignored due to missing DLLs igd10umd64 v= and igd10iumd64 v=
[GFX1]: Potential driver version mismatch ignored due to missing DLLs igd10umd64 v= and igd10iumd64 v=
1510363376236	Marionette	INFO	Listening on port 7144
1510363377166	Marionette	WARN	TLS certificate errors will be ignored for this session
1510363377327	Marionette	DEBUG	Register listener.js for window 4294967297
1510363377498	Marionette	DEBUG	Received DOM event "beforeunload" for "about:blank"
1510363378290	Marionette	DEBUG	Received DOM event "pagehide" for "about:blank"
1510363378291	Marionette	DEBUG	Received DOM event "unload" for "about:blank"
Unable to read VR Path Registry from C:\Users\Administrator\AppData\Local\openvr\openvrpaths.vrpath
JavaScript error: https://ss1.bdstatic.com/5eN1bjq8AAUYm2zgoY3K/r/www/cache/static/protocol/https/plugins/every_cookie_4644b13.js, line 4: ReferenceError: c is not defined
1510363379357	Marionette	DEBUG	Received DOM event "DOMContentLoaded" for "https://www.baidu.com/"
1510363379594	Marionette	DEBUG	Received DOM event "pageshow" for "https://www.baidu.com/"
1510363380802	Marionette	INFO	New connections will no longer be accepted
Unable to read VR Path Registry from C:\Users\Administrator\AppData\Local\openvr\openvrpaths.vrpath
[Child 3132] WARNING: pipe error: 109: file z:/build/build/src/ipc/chromium/src/chrome/common/ipc_channel_win.cc, line 346
JavaScript error: https://sp0.baidu.com/5a1Fazu8AA54nxGko9WTAnF6hhy/su?wd=s&json=1&p=3&sid=1452_21091_24880_20927&req=2&csor=1&cb=jQuery110202053746037047225_1510363378744&_=1510363378746, line 1: TypeError: jQuery110202053746037047225_1510363378744 is not a function
JavaScript error: https://sp0.baidu.com/5a1Fazu8AA54nxGko9WTAnF6hhy/su?wd=se&json=1&p=3&sid=1452_21091_24880_20927&req=2&csor=2&pwd=s&cb=jQuery110202053746037047225_1510363378744&_=1510363378747, line 1: TypeError: jQuery110202053746037047225_1510363378744 is not a function
JavaScript error: https://sp0.baidu.com/5a1Fazu8AA54nxGko9WTAnF6hhy/su?wd=sel&json=1&p=3&sid=1452_21091_24880_20927&req=2&csor=3&pwd=se&cb=jQuery110202053746037047225_1510363378744&_=1510363378748, line 1: TypeError: jQuery110202053746037047225_1510363378744 is not a function
JavaScript error: https://sp0.baidu.com/5a1Fazu8AA54nxGko9WTAnF6hhy/su?wd=sele&json=1&p=3&sid=1452_21091_24880_20927&req=2&csor=4&pwd=sel&cb=jQuery110202053746037047225_1510363378744&_=1510363378749, line 1: TypeError: jQuery110202053746037047225_1510363378744 is not a function
JavaScript error: https://sp0.baidu.com/5a1Fazu8AA54nxGko9WTAnF6hhy/su?wd=selen&json=1&p=3&sid=1452_21091_24880_20927&req=2&csor=5&pwd=sele&cb=jQuery110202053746037047225_1510363378744&_=1510363378750, line 1: TypeError: jQuery110202053746037047225_1510363378744 is not a function
JavaScript error: https://sp0.baidu.com/5a1Fazu8AA54nxGko9WTAnF6hhy/su?wd=seleni&json=1&p=3&sid=1452_21091_24880_20927&req=2&csor=6&pwd=selen&cb=jQuery110202053746037047225_1510363378744&_=1510363378751, line 1: TypeError: jQuery110202053746037047225_1510363378744 is not a function
JavaScript error: https://sp0.baidu.com/5a1Fazu8AA54nxGko9WTAnF6hhy/su?wd=seleniu&json=1&p=3&sid=1452_21091_24880_20927&req=2&csor=7&pwd=seleni&cb=jQuery110202053746037047225_1510363378744&_=1510363378752, line 1: TypeError: jQuery110202053746037047225_1510363378744 is not a function
JavaScript error: https://sp0.baidu.com/5a1Fazu8AA54nxGko9WTAnF6hhy/su?wd=selenium&json=1&p=3&sid=1452_21091_24880_20927&req=2&csor=8&pwd=seleniu&cb=jQuery110202053746037047225_1510363378744&_=1510363378753, line 1: TypeError: jQuery110202053746037047225_1510363378744 is not a function
JavaScript error: https://sp0.baidu.com/5a1Fazu8AA54nxGko9WTAnF6hhy/su?wd=seleniumh&json=1&p=3&sid=1452_21091_24880_20927&req=2&csor=9&pwd=selenium&cb=jQuery110202053746037047225_1510363378744&_=1510363378754, line 1: TypeError: jQuery110202053746037047225_1510363378744 is not a function
JavaScript error: https://sp0.baidu.com/5a1Fazu8AA54nxGko9WTAnF6hhy/su?wd=seleniumhq&json=1&p=3&sid=1452_21091_24880_20927&req=2&csor=10&pwd=seleniumh&cb=jQuery110202053746037047225_1510363378744&_=1510363378755, line 1: TypeError: jQuery110202053746037047225_1510363378744 is not a function
[Child 10228] WARNING: pipe error: 232: file z:/build/build/src/ipc/chromium/src/chrome/common/ipc_channel_win.cc, line 513
1510364125400	geckodriver	INFO	geckodriver 0.19.1
1510364125431	geckodriver	INFO	Listening on 127.0.0.1:7432
1510364127987	mozrunner::runner	INFO	Running command: "D:\\Firefox\\firefox.exe" "-marionette" "-profile" "C:\\Users\\ADMINI~1\\AppData\\Local\\Temp\\rust_mozprofile.G94GRx9XViHO"
1510364130890	addons.xpi	WARN	Error parsing extensions state: [Exception... "Component returned failure code: 0x80520012 (NS_ERROR_FILE_NOT_FOUND) [amIAddonManagerStartup.readStartupData]"  nsresult: "0x80520012 (NS_ERROR_FILE_NOT_FOUND)"  location: "JS frame :: resource://gre/modules/addons/XPIProvider.jsm :: loadExtensionState :: line 1554"  data: no] Stack trace: loadExtensionState()@resource://gre/modules/addons/XPIProvider.jsm:1554 < getInstallState()@resource://gre/modules/addons/XPIProvider.jsm:1589 < checkForChanges()@resource://gre/modules/addons/XPIProvider.jsm:3109 < startup()@resource://gre/modules/addons/XPIProvider.jsm:2188 < callProvider()@resource://gre/modules/AddonManager.jsm:269 < _startProvider()@resource://gre/modules/AddonManager.jsm:739 < startup()@resource://gre/modules/AddonManager.jsm:906 < startup()@resource://gre/modules/AddonManager.jsm:3090 < observe()@jar:file:///D:/Firefox/omni.ja!/components/addonManager.js:65
[GFX1]: Potential driver version mismatch ignored due to missing DLLs igd10umd64 v= and igd10iumd64 v=
1510364132502	Marionette	INFO	Enabled via --marionette
[GFX1]: Potential driver version mismatch ignored due to missing DLLs igd10umd64 v= and igd10iumd64 v=
[GFX1]: Potential driver version mismatch ignored due to missing DLLs igd10umd64 v= and igd10iumd64 v=
Unable to read VR Path Registry from C:\Users\Administrator\AppData\Local\openvr\openvrpaths.vrpath
[Child 9568] WARNING: pipe error: 109: file z:/build/build/src/ipc/chromium/src/chrome/common/ipc_channel_win.cc, line 346

###!!! [Child][MessageChannel] Error: (msgtype=0x2400FC,name=PContent::Msg_AsyncMessage) Channel closing: too late to send/recv, messages will be lost

JavaScript error: jar:file:///D:/Firefox/omni.ja!/components/extension-process-script.js, line 339: NS_ERROR_UNEXPECTED: Component returned failure code: 0x8000ffff (NS_ERROR_UNEXPECTED) [nsIMessageSender.sendAsyncMessage]
1510364139724	Marionette	INFO	Listening on port 7438
[GFX1]: Potential driver version mismatch ignored due to missing DLLs igd10umd64 v= and igd10iumd64 v=
1510364140325	Marionette	WARN	TLS certificate errors will be ignored for this session
1510364140504	Marionette	DEBUG	Register listener.js for window 4294967297
1510364140636	Marionette	DEBUG	Received DOM event "beforeunload" for "about:blank"
1510364141777	Marionette	DEBUG	Received DOM event "beforeunload" for "about:blank"
1510364141786	Marionette	DEBUG	Received DOM event "pagehide" for "about:blank"
1510364141788	Marionette	DEBUG	Received DOM event "unload" for "about:blank"
1510364141871	Marionette	DEBUG	Received DOM event "DOMContentLoaded" for "about:neterror?e=connectionFailure&u=https%3A//127.0.0.1%3A8000/&c=UTF-8&f=regular&d=Firefox%20%E6%97%A0%E6%B3%95%E5%BB%BA%E7%AB%8B%E5%88%B0%20127.0.0.1%3A8000%20%E6%9C%8D%E5%8A%A1%E5%99%A8%E7%9A%84%E8%BF%9E%E6%8E%A5%E3%80%82"
Unable to read VR Path Registry from C:\Users\Administrator\AppData\Local\openvr\openvrpaths.vrpath
[Parent 8592] WARNING: pipe error: 109: file z:/build/build/src/ipc/chromium/src/chrome/common/ipc_channel_win.cc, line 346
[Parent 8592] WARNING: pipe error: 109: file z:/build/build/src/ipc/chromium/src/chrome/common/ipc_channel_win.cc, line 346
Unable to read VR Path Registry from C:\Users\Administrator\AppData\Local\openvr\openvrpaths.vrpath
[Child 448] WARNING: pipe error: 109: file z:/build/build/src/ipc/chromium/src/chrome/common/ipc_channel_win.cc, line 346
[Child 448] WARNING: pipe error: 109: file z:/build/build/src/ipc/chromium/src/chrome/common/ipc_channel_win.cc, line 346
Unable to read VR Path Registry from C:\Users\Administrator\AppData\Local\openvr\openvrpaths.vrpath
[Child 5880] WARNING: pipe error: 109: file z:/build/build/src/ipc/chromium/src/chrome/common/ipc_channel_win.cc, line 346
[Child 5880] WARNING: pipe error: 109: file z:/build/build/src/ipc/chromium/src/chrome/common/ipc_channel_win.cc, line 346

###!!! [Child][MessageChannel::SendAndWait] Error: Channel error: cannot send/recv

1510376299836	geckodriver	INFO	geckodriver 0.19.1
1510376299867	geckodriver	INFO	Listening on 127.0.0.1:9895
1510376302242	mozrunner::runner	INFO	Running command: "D:\\Firefox\\firefox.exe" "-marionette" "-profile" "C:\\Users\\ADMINI~1\\AppData\\Local\\Temp\\rust_mozprofile.GZNfrFz9pE9k"
1510376304060	addons.xpi	WARN	Error parsing extensions state: [Exception... "Component returned failure code: 0x80520012 (NS_ERROR_FILE_NOT_FOUND) [amIAddonManagerStartup.readStartupData]"  nsresult: "0x80520012 (NS_ERROR_FILE_NOT_FOUND)"  location: "JS frame :: resource://gre/modules/addons/XPIProvider.jsm :: loadExtensionState :: line 1554"  data: no] Stack trace: loadExtensionState()@resource://gre/modules/addons/XPIProvider.jsm:1554 < getInstallState()@resource://gre/modules/addons/XPIProvider.jsm:1589 < checkForChanges()@resource://gre/modules/addons/XPIProvider.jsm:3109 < startup()@resource://gre/modules/addons/XPIProvider.jsm:2188 < callProvider()@resource://gre/modules/AddonManager.jsm:269 < _startProvider()@resource://gre/modules/AddonManager.jsm:739 < startup()@resource://gre/modules/AddonManager.jsm:906 < startup()@resource://gre/modules/AddonManager.jsm:3090 < observe()@jar:file:///D:/Firefox/omni.ja!/components/addonManager.js:65
[GFX1]: Potential driver version mismatch ignored due to missing DLLs igd10umd64 v= and igd10iumd64 v=
1510376305623	Marionette	INFO	Enabled via --marionette
[GFX1]: Potential driver version mismatch ignored due to missing DLLs igd10umd64 v= and igd10iumd64 v=
[GFX1]: Potential driver version mismatch ignored due to missing DLLs igd10umd64 v= and igd10iumd64 v=
Unable to read VR Path Registry from C:\Users\Administrator\AppData\Local\openvr\openvrpaths.vrpath
[Child 9904] WARNING: pipe error: 109: file z:/build/build/src/ipc/chromium/src/chrome/common/ipc_channel_win.cc, line 346
[Child 9904] WARNING: pipe error: 109: file z:/build/build/src/ipc/chromium/src/chrome/common/ipc_channel_win.cc, line 346
1510376314453	Marionette	INFO	Listening on port 9902
1510376314879	Marionette	WARN	TLS certificate errors will be ignored for this session
1510376315005	Marionette	DEBUG	Register listener.js for window 4294967297
1510376315238	Marionette	DEBUG	Received DOM event "beforeunload" for "about:blank"
[GFX1]: Potential driver version mismatch ignored due to missing DLLs igd10umd64 v= and igd10iumd64 v=
1510376317390	Marionette	DEBUG	Received DOM event "beforeunload" for "about:blank"
1510376317397	Marionette	DEBUG	Received DOM event "pagehide" for "about:blank"
1510376317398	Marionette	DEBUG	Received DOM event "unload" for "about:blank"
1510376317513	Marionette	DEBUG	Received DOM event "DOMContentLoaded" for "about:neterror?e=connectionFailure&u=http%3A//localhost%3A8000/&c=UTF-8&f=regular&d=Firefox%20%E6%97%A0%E6%B3%95%E5%BB%BA%E7%AB%8B%E5%88%B0%20localhost%3A8000%20%E6%9C%8D%E5%8A%A1%E5%99%A8%E7%9A%84%E8%BF%9E%E6%8E%A5%E3%80%82"
1510376317631	Marionette	INFO	New connections will no longer be accepted
1510376704775	geckodriver	INFO	geckodriver 0.19.1
1510376704806	geckodriver	INFO	Listening on 127.0.0.1:10146
1510376707009	mozrunner::runner	INFO	Running command: "D:\\Firefox\\firefox.exe" "-marionette" "-profile" "C:\\Users\\ADMINI~1\\AppData\\Local\\Temp\\rust_mozprofile.vnY50QpTKCKN"
1510376708405	addons.xpi	WARN	Error parsing extensions state: [Exception... "Component returned failure code: 0x80520012 (NS_ERROR_FILE_NOT_FOUND) [amIAddonManagerStartup.readStartupData]"  nsresult: "0x80520012 (NS_ERROR_FILE_NOT_FOUND)"  location: "JS frame :: resource://gre/modules/addons/XPIProvider.jsm :: loadExtensionState :: line 1554"  data: no] Stack trace: loadExtensionState()@resource://gre/modules/addons/XPIProvider.jsm:1554 < getInstallState()@resource://gre/modules/addons/XPIProvider.jsm:1589 < checkForChanges()@resource://gre/modules/addons/XPIProvider.jsm:3109 < startup()@resource://gre/modules/addons/XPIProvider.jsm:2188 < callProvider()@resource://gre/modules/AddonManager.jsm:269 < _startProvider()@resource://gre/modules/AddonManager.jsm:739 < startup()@resource://gre/modules/AddonManager.jsm:906 < startup()@resource://gre/modules/AddonManager.jsm:3090 < observe()@jar:file:///D:/Firefox/omni.ja!/components/addonManager.js:65
[GFX1]: Potential driver version mismatch ignored due to missing DLLs igd10umd64 v= and igd10iumd64 v=
1510376709892	Marionette	INFO	Enabled via --marionette
[GFX1]: Potential driver version mismatch ignored due to missing DLLs igd10umd64 v= and igd10iumd64 v=
[GFX1]: Potential driver version mismatch ignored due to missing DLLs igd10umd64 v= and igd10iumd64 v=
Unable to read VR Path Registry from C:\Users\Administrator\AppData\Local\openvr\openvrpaths.vrpath
[Parent 4644] WARNING: pipe error: 109: file z:/build/build/src/ipc/chromium/src/chrome/common/ipc_channel_win.cc, line 346
Unable to read VR Path Registry from C:\Users\Administrator\AppData\Local\openvr\openvrpaths.vrpath
[Child 7316] WARNING: pipe error: 109: file z:/build/build/src/ipc/chromium/src/chrome/common/ipc_channel_win.cc, line 346
[Child 7316] WARNING: pipe error: 109: file z:/build/build/src/ipc/chromium/src/chrome/common/ipc_channel_win.cc, line 346
[GFX1]: Potential driver version mismatch ignored due to missing DLLs igd10umd64 v= and igd10iumd64 v=
1510376719954	Marionette	INFO	Listening on port 10152
1510376720128	Marionette	WARN	TLS certificate errors will be ignored for this session
1510376720373	Marionette	DEBUG	Register listener.js for window 4294967297
1510376720582	Marionette	DEBUG	Received DOM event "beforeunload" for "about:blank"
1510376721685	Marionette	DEBUG	Received DOM event "beforeunload" for "about:blank"
1510376721695	Marionette	DEBUG	Received DOM event "pagehide" for "about:blank"
1510376721696	Marionette	DEBUG	Received DOM event "unload" for "about:blank"
1510376721780	Marionette	DEBUG	Received DOM event "DOMContentLoaded" for "about:neterror?e=connectionFailure&u=http%3A//127.0.0.1%3A8000/&c=UTF-8&f=regular&d=Firefox%20%E6%97%A0%E6%B3%95%E5%BB%BA%E7%AB%8B%E5%88%B0%20127.0.0.1%3A8000%20%E6%9C%8D%E5%8A%A1%E5%99%A8%E7%9A%84%E8%BF%9E%E6%8E%A5%E3%80%82"
1510376721965	Marionette	INFO	New connections will no longer be accepted
[Parent 4644] WARNING: pipe error: 109: file z:/build/build/src/ipc/chromium/src/chrome/common/ipc_channel_win.cc, line 346
1510397827561	geckodriver	INFO	geckodriver 0.19.1
1510397827600	geckodriver	INFO	Listening on 127.0.0.1:13673
1510397830109	mozrunner::runner	INFO	Running command: "D:\\Firefox\\firefox.exe" "-marionette" "-profile" "C:\\Users\\ADMINI~1\\AppData\\Local\\Temp\\rust_mozprofile.NY3uZFGfF5ug"
1510397835969	addons.xpi	WARN	Error parsing extensions state: [Exception... "Component returned failure code: 0x80520012 (NS_ERROR_FILE_NOT_FOUND) [amIAddonManagerStartup.readStartupData]"  nsresult: "0x80520012 (NS_ERROR_FILE_NOT_FOUND)"  location: "JS frame :: resource://gre/modules/addons/XPIProvider.jsm :: loadExtensionState :: line 1554"  data: no] Stack trace: loadExtensionState()@resource://gre/modules/addons/XPIProvider.jsm:1554 < getInstallState()@resource://gre/modules/addons/XPIProvider.jsm:1589 < checkForChanges()@resource://gre/modules/addons/XPIProvider.jsm:3109 < startup()@resource://gre/modules/addons/XPIProvider.jsm:2188 < callProvider()@resource://gre/modules/AddonManager.jsm:269 < _startProvider()@resource://gre/modules/AddonManager.jsm:739 < startup()@resource://gre/modules/AddonManager.jsm:906 < startup()@resource://gre/modules/AddonManager.jsm:3090 < observe()@jar:file:///D:/Firefox/omni.ja!/components/addonManager.js:65
[GFX1]: Potential driver version mismatch ignored due to missing DLLs igd10umd64 v= and igd10iumd64 v=
1510397840298	Marionette	INFO	Enabled via --marionette
[GFX1]: Potential driver version mismatch ignored due to missing DLLs igd10umd64 v= and igd10iumd64 v=
[GFX1]: Potential driver version mismatch ignored due to missing DLLs igd10umd64 v= and igd10iumd64 v=
[GFX1]: Potential driver version mismatch ignored due to missing DLLs igd10umd64 v= and igd10iumd64 v=
1510397861381	Marionette	INFO	Listening on port 13679
1510397861721	Marionette	WARN	TLS certificate errors will be ignored for this session
1510397861968	Marionette	DEBUG	Register listener.js for window 4294967297
1510397862349	Marionette	DEBUG	Received DOM event "beforeunload" for "about:blank"
1510397864054	Marionette	DEBUG	Received DOM event "beforeunload" for "about:blank"
1510397864114	Marionette	DEBUG	Received DOM event "pagehide" for "about:blank"
1510397864119	Marionette	DEBUG	Received DOM event "unload" for "about:blank"
1510397864774	Marionette	DEBUG	Received DOM event "DOMContentLoaded" for "about:neterror?e=connectionFailure&u=http%3A//127.0.0.1%3A8000/&c=UTF-8&f=regular&d=Firefox%20%E6%97%A0%E6%B3%95%E5%BB%BA%E7%AB%8B%E5%88%B0%20127.0.0.1%3A8000%20%E6%9C%8D%E5%8A%A1%E5%99%A8%E7%9A%84%E8%BF%9E%E6%8E%A5%E3%80%82"
1510397864986	Marionette	INFO	New connections will no longer be accepted
Unable to read VR Path Registry from C:\Users\Administrator\AppData\Local\openvr\openvrpaths.vrpath
[Parent 884] WARNING: pipe error: 109: file z:/build/build/src/ipc/chromium/src/chrome/common/ipc_channel_win.cc, line 346
1510487583813	geckodriver	INFO	geckodriver 0.19.1
1510487583953	geckodriver	INFO	Listening on 127.0.0.1:3349
1510487587861	mozrunner::runner	INFO	Running command: "D:\\Firefox\\firefox.exe" "-marionette" "-profile" "C:\\Users\\ADMINI~1\\AppData\\Local\\Temp\\rust_mozprofile.j7VsSaJ7wsEJ"
1510487590039	addons.xpi	WARN	Error parsing extensions state: [Exception... "Component returned failure code: 0x80520012 (NS_ERROR_FILE_NOT_FOUND) [amIAddonManagerStartup.readStartupData]"  nsresult: "0x80520012 (NS_ERROR_FILE_NOT_FOUND)"  location: "JS frame :: resource://gre/modules/addons/XPIProvider.jsm :: loadExtensionState :: line 1554"  data: no] Stack trace: loadExtensionState()@resource://gre/modules/addons/XPIProvider.jsm:1554 < getInstallState()@resource://gre/modules/addons/XPIProvider.jsm:1589 < checkForChanges()@resource://gre/modules/addons/XPIProvider.jsm:3109 < startup()@resource://gre/modules/addons/XPIProvider.jsm:2188 < callProvider()@resource://gre/modules/AddonManager.jsm:269 < _startProvider()@resource://gre/modules/AddonManager.jsm:739 < startup()@resource://gre/modules/AddonManager.jsm:906 < startup()@resource://gre/modules/AddonManager.jsm:3090 < observe()@jar:file:///D:/Firefox/omni.ja!/components/addonManager.js:65
[GFX1]: Potential driver version mismatch ignored due to missing DLLs igd10umd64 v= and igd10iumd64 v=
1510487592283	Marionette	INFO	Enabled via --marionette
[GFX1]: Potential driver version mismatch ignored due to missing DLLs igd10umd64 v= and igd10iumd64 v=
[GFX1]: Potential driver version mismatch ignored due to missing DLLs igd10umd64 v= and igd10iumd64 v=
[GFX1]: Potential driver version mismatch ignored due to missing DLLs igd10umd64 v= and igd10iumd64 v=
Unable to read VR Path Registry from C:\Users\Administrator\AppData\Local\openvr\openvrpaths.vrpath
[Child 3364] WARNING: pipe error: 109: file z:/build/build/src/ipc/chromium/src/chrome/common/ipc_channel_win.cc, line 346
[Child 3364] WARNING: pipe error: 109: file z:/build/build/src/ipc/chromium/src/chrome/common/ipc_channel_win.cc, line 346
1510487603253	Marionette	INFO	Listening on port 3358
1510487603737	Marionette	WARN	TLS certificate errors will be ignored for this session
1510487603937	Marionette	DEBUG	Register listener.js for window 6442450945
1510487604452	Marionette	DEBUG	Received DOM event "beforeunload" for "about:blank"
1510487604752	Marionette	DEBUG	Received DOM event "pagehide" for "about:blank"
1510487604754	Marionette	DEBUG	Received DOM event "unload" for "about:blank"
1510487604777	Marionette	DEBUG	Received DOM event "DOMContentLoaded" for "http://127.0.0.1:8000/"
1510487604788	Marionette	DEBUG	Received DOM event "pageshow" for "http://127.0.0.1:8000/"
1510487605017	Marionette	INFO	New connections will no longer be accepted
Unable to read VR Path Registry from C:\Users\Administrator\AppData\Local\openvr\openvrpaths.vrpath
[Parent 1196] WARNING: pipe error: 109: file z:/build/build/src/ipc/chromium/src/chrome/common/ipc_channel_win.cc, line 346
[GFX1-][: Receive IPC cloGse with reason=AbnormaFX1-]: Receive IPC close with reason=AbnormalShutdown
1510488643290	geckodriver	INFO	geckodriver 0.19.1
1510488643337	geckodriver	INFO	Listening on 127.0.0.1:3603
1510488645337	mozrunner::runner	INFO	Running command: "D:\\Firefox\\firefox.exe" "-marionette" "-profile" "C:\\Users\\ADMINI~1\\AppData\\Local\\Temp\\rust_mozprofile.sGxOYHUvNXtB"
1510488646954	addons.xpi	WARN	Error parsing extensions state: [Exception... "Component returned failure code: 0x80520012 (NS_ERROR_FILE_NOT_FOUND) [amIAddonManagerStartup.readStartupData]"  nsresult: "0x80520012 (NS_ERROR_FILE_NOT_FOUND)"  location: "JS frame :: resource://gre/modules/addons/XPIProvider.jsm :: loadExtensionState :: line 1554"  data: no] Stack trace: loadExtensionState()@resource://gre/modules/addons/XPIProvider.jsm:1554 < getInstallState()@resource://gre/modules/addons/XPIProvider.jsm:1589 < checkForChanges()@resource://gre/modules/addons/XPIProvider.jsm:3109 < startup()@resource://gre/modules/addons/XPIProvider.jsm:2188 < callProvider()@resource://gre/modules/AddonManager.jsm:269 < _startProvider()@resource://gre/modules/AddonManager.jsm:739 < startup()@resource://gre/modules/AddonManager.jsm:906 < startup()@resource://gre/modules/AddonManager.jsm:3090 < observe()@jar:file:///D:/Firefox/omni.ja!/components/addonManager.js:65
[GFX1]: Potential driver version mismatch ignored due to missing DLLs igd10umd64 v= and igd10iumd64 v=
1510488648907	Marionette	INFO	Enabled via --marionette
[GFX1]: Potential driver version mismatch ignored due to missing DLLs igd10umd64 v= and igd10iumd64 v=
[GFX1]: Potential driver version mismatch ignored due to missing DLLs igd10umd64 v= and igd10iumd64 v=
Unable to read VR Path Registry from C:\Users\Administrator\AppData\Local\openvr\openvrpaths.vrpath
[Parent 6268] WARNING: pipe error: 109: file z:/build/build/src/ipc/chromium/src/chrome/common/ipc_channel_win.cc, line 346
Unable to read VR Path Registry from C:\Users\Administrator\AppData\Local\openvr\openvrpaths.vrpath
[Child 10224] WARNING: pipe error: 109: file z:/build/build/src/ipc/chromium/src/chrome/common/ipc_channel_win.cc, line 346
[Child 10224] WARNING: pipe error: 109: file z:/build/build/src/ipc/chromium/src/chrome/common/ipc_channel_win.cc, line 346
[GFX1]: Potential driver version mismatch ignored due to missing DLLs igd10umd64 v= and igd10iumd64 v=
1510488657067	Marionette	INFO	Listening on port 3611
1510488657440	Marionette	WARN	TLS certificate errors will be ignored for this session
1510488657715	Marionette	DEBUG	Register listener.js for window 4294967297
1510488657925	Marionette	DEBUG	Received DOM event "beforeunload" for "about:blank"
1510488658414	Marionette	DEBUG	Received DOM event "pagehide" for "about:blank"
1510488658416	Marionette	DEBUG	Received DOM event "unload" for "about:blank"
1510488658438	Marionette	DEBUG	Received DOM event "DOMContentLoaded" for "http://localhost:8000/"
1510488658448	Marionette	DEBUG	Received DOM event "pageshow" for "http://localhost:8000/"
1510488661830	Marionette	INFO	New connections will no longer be accepted
[Parent 6268] WARNING: pipe error: 109: file z:/build/build/src/ipc/chromium/src/chrome/common/ipc_channel_win.cc, line 346
[GFX1-]: Receive IPC close wit[hGFX1-]: Receive reason=Abnorm IPC close with reason=AabnormalShutdown
1510489377771	geckodriver	INFO	geckodriver 0.19.1
1510489377802	geckodriver	INFO	Listening on 127.0.0.1:3796
1510489380037	mozrunner::runner	INFO	Running command: "D:\\Firefox\\firefox.exe" "-marionette" "-profile" "C:\\Users\\ADMINI~1\\AppData\\Local\\Temp\\rust_mozprofile.GLyO0Syv4DDA"
1510489381488	addons.xpi	WARN	Error parsing extensions state: [Exception... "Component returned failure code: 0x80520012 (NS_ERROR_FILE_NOT_FOUND) [amIAddonManagerStartup.readStartupData]"  nsresult: "0x80520012 (NS_ERROR_FILE_NOT_FOUND)"  location: "JS frame :: resource://gre/modules/addons/XPIProvider.jsm :: loadExtensionState :: line 1554"  data: no] Stack trace: loadExtensionState()@resource://gre/modules/addons/XPIProvider.jsm:1554 < getInstallState()@resource://gre/modules/addons/XPIProvider.jsm:1589 < checkForChanges()@resource://gre/modules/addons/XPIProvider.jsm:3109 < startup()@resource://gre/modules/addons/XPIProvider.jsm:2188 < callProvider()@resource://gre/modules/AddonManager.jsm:269 < _startProvider()@resource://gre/modules/AddonManager.jsm:739 < startup()@resource://gre/modules/AddonManager.jsm:906 < startup()@resource://gre/modules/AddonManager.jsm:3090 < observe()@jar:file:///D:/Firefox/omni.ja!/components/addonManager.js:65
[GFX1]: Potential driver version mismatch ignored due to missing DLLs igd10umd64 v= and igd10iumd64 v=
1510489383609	Marionette	INFO	Enabled via --marionette
[GFX1]: Potential driver version mismatch ignored due to missing DLLs igd10umd64 v= and igd10iumd64 v=
[GFX1]: Potential driver version mismatch ignored due to missing DLLs igd10umd64 v= and igd10iumd64 v=
Unable to read VR Path Registry from C:\Users\Administrator\AppData\Local\openvr\openvrpaths.vrpath
[Parent 8312] WARNING: pipe error: 109: file z:/build/build/src/ipc/chromium/src/chrome/common/ipc_channel_win.cc, line 346
1510489391837	Marionette	INFO	Listening on port 3803
1510489392084	Marionette	WARN	TLS certificate errors will be ignored for this session
1510489392198	Marionette	DEBUG	Register listener.js for window 4294967297
1510489392290	Marionette	DEBUG	Received DOM event "beforeunload" for "about:blank"
[GFX1]: Potential driver version mismatch ignored due to missing DLLs igd10umd64 v= and igd10iumd64 v=
1510489394480	Marionette	DEBUG	Received DOM event "beforeunload" for "about:blank"
1510489394497	Marionette	DEBUG	Received DOM event "pagehide" for "about:blank"
1510489394498	Marionette	DEBUG	Received DOM event "unload" for "about:blank"
1510489394720	Marionette	DEBUG	Received DOM event "DOMContentLoaded" for "about:neterror?e=connectionFailure&u=http%3A//localhost%3A8000/&c=UTF-8&f=regular&d=Firefox%20%E6%97%A0%E6%B3%95%E5%BB%BA%E7%AB%8B%E5%88%B0%20localhost%3A8000%20%E6%9C%8D%E5%8A%A1%E5%99%A8%E7%9A%84%E8%BF%9E%E6%8E%A5%E3%80%82"
1510489394798	Marionette	INFO	New connections will no longer be accepted
1510490064026	geckodriver	INFO	geckodriver 0.19.1
1510490064089	geckodriver	INFO	Listening on 127.0.0.1:3931
1510490065948	mozrunner::runner	INFO	Running command: "D:\\Firefox\\firefox.exe" "-marionette" "-profile" "C:\\Users\\ADMINI~1\\AppData\\Local\\Temp\\rust_mozprofile.bc6yZd3iv5E5"
1510490067508	addons.xpi	WARN	Error parsing extensions state: [Exception... "Component returned failure code: 0x80520012 (NS_ERROR_FILE_NOT_FOUND) [amIAddonManagerStartup.readStartupData]"  nsresult: "0x80520012 (NS_ERROR_FILE_NOT_FOUND)"  location: "JS frame :: resource://gre/modules/addons/XPIProvider.jsm :: loadExtensionState :: line 1554"  data: no] Stack trace: loadExtensionState()@resource://gre/modules/addons/XPIProvider.jsm:1554 < getInstallState()@resource://gre/modules/addons/XPIProvider.jsm:1589 < checkForChanges()@resource://gre/modules/addons/XPIProvider.jsm:3109 < startup()@resource://gre/modules/addons/XPIProvider.jsm:2188 < callProvider()@resource://gre/modules/AddonManager.jsm:269 < _startProvider()@resource://gre/modules/AddonManager.jsm:739 < startup()@resource://gre/modules/AddonManager.jsm:906 < startup()@resource://gre/modules/AddonManager.jsm:3090 < observe()@jar:file:///D:/Firefox/omni.ja!/components/addonManager.js:65
[GFX1]: Potential driver version mismatch ignored due to missing DLLs igd10umd64 v= and igd10iumd64 v=
1510490069188	Marionette	INFO	Enabled via --marionette
[GFX1]: Potential driver version mismatch ignored due to missing DLLs igd10umd64 v= and igd10iumd64 v=
Unable to read VR Path Registry from C:\Users\Administrator\AppData\Local\openvr\openvrpaths.vrpath
[Parent 7760] WARNING: pipe error: 109: file z:/build/build/src/ipc/chromium/src/chrome/common/ipc_channel_win.cc, line 346
[GFX1]: Potential driver version mismatch ignored due to missing DLLs igd10umd64 v= and igdUnable to read VR Path Registry from C:\Users\Administrator\AppData\Local\openvr\openvrpaths.vrpath
[Child 544] WARNING: pipe error: 109: file z:/build/build/src/ipc/chromium/src/chrome/common/ipc_channel_win.cc, line 346
10iu[Child 544] WARNING: pipe error: 109: file z:/build/build/src/ipc/chromium/src/chrome/common/ipc_channel_win.cc, line 346
md64 v=
[GFX1]: Potential driver version mismatch ignored due to missing DLLs igd10umd64 v= and igd10iumd64 v=
1510490076115	Marionette	INFO	Listening on port 3938
1510490076671	Marionette	WARN	TLS certificate errors will be ignored for this session
1510490076957	Marionette	DEBUG	Register listener.js for window 4294967297
1510490077114	Marionette	DEBUG	Received DOM event "beforeunload" for "about:blank"
1510490077461	Marionette	DEBUG	Received DOM event "pagehide" for "about:blank"
1510490077462	Marionette	DEBUG	Received DOM event "unload" for "about:blank"
1510490077493	Marionette	DEBUG	Received DOM event "DOMContentLoaded" for "http://localhost:8000/"
1510490077576	Marionette	DEBUG	Received DOM event "pageshow" for "http://localhost:8000/"
1510490078007	Marionette	INFO	New connections will no longer be accepted
[Parent 7760] WARNING: pipe error: 109: file z:/build/build/src/ipc/chromium/src/chrome/common/ipc_channel_win.cc, line 346
1510490205591	geckodriver	INFO	geckodriver 0.19.1
1510490205637	geckodriver	INFO	Listening on 127.0.0.1:4002
1510490207652	mozrunner::runner	INFO	Running command: "D:\\Firefox\\firefox.exe" "-marionette" "-profile" "C:\\Users\\ADMINI~1\\AppData\\Local\\Temp\\rust_mozprofile.o4k9prhqQFOE"
1510490208821	addons.xpi	WARN	Error parsing extensions state: [Exception... "Component returned failure code: 0x80520012 (NS_ERROR_FILE_NOT_FOUND) [amIAddonManagerStartup.readStartupData]"  nsresult: "0x80520012 (NS_ERROR_FILE_NOT_FOUND)"  location: "JS frame :: resource://gre/modules/addons/XPIProvider.jsm :: loadExtensionState :: line 1554"  data: no] Stack trace: loadExtensionState()@resource://gre/modules/addons/XPIProvider.jsm:1554 < getInstallState()@resource://gre/modules/addons/XPIProvider.jsm:1589 < checkForChanges()@resource://gre/modules/addons/XPIProvider.jsm:3109 < startup()@resource://gre/modules/addons/XPIProvider.jsm:2188 < callProvider()@resource://gre/modules/AddonManager.jsm:269 < _startProvider()@resource://gre/modules/AddonManager.jsm:739 < startup()@resource://gre/modules/AddonManager.jsm:906 < startup()@resource://gre/modules/AddonManager.jsm:3090 < observe()@jar:file:///D:/Firefox/omni.ja!/components/addonManager.js:65
[GFX1]: Potential driver version mismatch ignored due to missing DLLs igd10umd64 v= and igd10iumd64 v=
1510490210342	Marionette	INFO	Enabled via --marionette
[GFX1]: Potential driver version mismatch ignored due to missing DLLs igd10umd64 v= and igd10iumd64 v=
[GFX1]: Potential driver version mismatch ignored due to missing DLLs igd10umd64 v= and igd10iumd64 v=
Unable to read VR Path Registry from C:\Users\Administrator\AppData\Local\openvr\openvrpaths.vrpath
[Child 1084] WARNING: pipe error: 109: file z:/build/build/src/ipc/chromium/src/chrome/common/ipc_channel_win.cc, line 346
1510490217554	Marionette	INFO	Listening on port 4009
1510490218095	Marionette	WARN	TLS certificate errors will be ignored for this session
1510490218413	Marionette	DEBUG	Register listener.js for window 4294967297
1510490218812	Marionette	DEBUG	Received DOM event "beforeunload" for "about:blank"
[GFX1]: Potential driver version mismatch ignored due to missing DLLs igd10umd64 v= and igd10iumd64 v=
1510490219603	Marionette	DEBUG	Received DOM event "pagehide" for "about:blank"
1510490219604	Marionette	DEBUG	Received DOM event "unload" for "about:blank"
1510490219621	Marionette	DEBUG	Received DOM event "DOMContentLoaded" for "http://localhost:8000/"
1510490219743	Marionette	DEBUG	Received DOM event "pageshow" for "http://localhost:8000/"
1510490220518	Marionette	INFO	New connections will no longer be accepted
[GFX1-]: Receive IPC close with reason=AbnormalShutdown
